<?xml version="1.0" encoding="UTF-8"?>
<testsuite xmlns:xsi="http://www.w3.org/2001/XMLSchema-instance" xsi:noNamespaceSchemaLocation="https://maven.apache.org/surefire/maven-surefire-plugin/xsd/surefire-test-report.xsd" version="3.0.2" name="com.studygenius.studentmanagement.SystemTest" time="0.076" tests="5" errors="0" skipped="0" failures="0">
  <properties>
[...]
</properties>
  <testcase name="testStudentOperations" classname="com.studygenius.studentmanagement.SystemTest" time="0.036">
    <system-out><![CDATA[
📥 INITIALIZING SAMPLE DATA...
✅ Sample data initialized!
]]></system-out>
  </testcase>
  <testcase name="testSystemCreation" classname="com.studygenius.studentmanagement.SystemTest" time="0.002"/>
  <testcase name="testCourseOperations" classname="com.studygenius.studentmanagement.SystemTest" time="0.002">
    <system-out><![CDATA[
📥 INITIALIZING SAMPLE DATA...
✅ Sample data initialized!
]]></system-out>
  </testcase>
  <testcase name="testDataInitialization" classname="com.studygenius.studentmanagement.SystemTest" time="0.002">
    <system-out><![CDATA[
📥 INITIALIZING SAMPLE DATA...
✅ Sample data initialized!
]]></system-out>
  </testcase>
  <testcase name="testEnrollmentOperations" classname="com.studygenius.studentmanagement.SystemTest" time="0.002">
    <system-out><![CDATA[
📥 INITIALIZING SAMPLE DATA...
✅ Sample data initialized!
]]></system-out>
  </testcase>
</testsuite>